2020-08-24 15:16:57,330 - com.AnyAUT.PrepareRun -INFO - Input FIle Path: Demo.xls
2020-08-24 15:16:57,341 - com.AnyAUT.PrepareRun -INFO - Output file path  :C:\AA\Runner\AnyAUT runner\Results\TestRun_24Aug_0316_Demo/TestRun_24Aug_0316_Demo.xls
2020-08-24 15:16:58,978 - com.AnyAUT.PrepareRun -INFO - Entered Main Test
2020-08-24 15:16:58,981 - com.AnyAUT.PrepareRun -INFO - Completed fetching the test cases ready for execution
2020-08-24 15:16:58,983 - com.AnyAUT.PrepareRun -INFO - Completed assigning the top row
2020-08-24 15:16:58,985 - com.AnyAUT.PrepareRun -INFO - Completed fetching test data sets for test case
2020-08-24 15:16:59,022 - com.AnyAUT.PrepareRun -INFO - Completed fetching test data sets for test case
2020-08-24 15:16:59,042 - com.AnyAUT.PrepareRun -INFO - Main test preparation is completed
2020-08-24 15:16:59,060 - com.AnyAUT.PrepareRun -INFO - Test Cases are added to the array
2020-08-24 15:17:01,367 - com.AnyAUT.ExecuteTest -INFO - C:\AA\Runner\AnyAUT runner/Results/TestRun_24Aug_0316_Demo/TestRun_24Aug_0316_Demo.xls
2020-08-24 15:17:01,369 - com.AnyAUT.ExecuteTest -INFO - C:\AA\Runner\AnyAUT runner/Results/TestRun_24Aug_0316_Demo/RunResult_24Aug_0316_Demo.xls
2020-08-24 15:17:01,578 - com.AnyAUT.ExecuteTest -INFO - Rows are 65
2020-08-24 15:17:01,579 - com.AnyAUT.ExecuteTest -INFO - Cols are 256
2020-08-24 15:17:01,602 - com.AnyAUT.ExecuteTest -INFO - KW: openBrowser ,Element Type: - ,Element By: - ,Element ID: - ,Test Data: chrome
2020-08-26 14:36:40,640 - com.AnyAUT.PrepareRun -INFO - Input FIle Path: Demo.xls
2020-08-26 14:36:40,650 - com.AnyAUT.PrepareRun -INFO - Output file path  :C:\AA\Runner\AnyAUT runner\Results\TestRun_26Aug_0236_Demo/TestRun_26Aug_0236_Demo.xls
2020-08-26 14:36:42,101 - com.AnyAUT.PrepareRun -INFO - Entered Main Test
2020-08-26 14:36:42,101 - com.AnyAUT.PrepareRun -INFO - Completed fetching the test cases ready for execution
2020-08-26 14:36:42,101 - com.AnyAUT.PrepareRun -INFO - Completed assigning the top row
2020-08-26 14:36:42,111 - com.AnyAUT.PrepareRun -INFO - Completed fetching test data sets for test case
2020-08-26 14:36:42,141 - com.AnyAUT.PrepareRun -INFO - Completed fetching test data sets for test case
2020-08-26 14:36:42,161 - com.AnyAUT.PrepareRun -INFO - Main test preparation is completed
2020-08-26 14:36:42,182 - com.AnyAUT.PrepareRun -INFO - Test Cases are added to the array
2020-08-26 14:36:44,611 - com.AnyAUT.ExecuteTest -INFO - C:\AA\Runner\AnyAUT runner/Results/TestRun_26Aug_0236_Demo/TestRun_26Aug_0236_Demo.xls
2020-08-26 14:36:44,611 - com.AnyAUT.ExecuteTest -INFO - C:\AA\Runner\AnyAUT runner/Results/TestRun_26Aug_0236_Demo/RunResult_26Aug_0236_Demo.xls
2020-08-26 14:36:44,791 - com.AnyAUT.ExecuteTest -INFO - Rows are 65
2020-08-26 14:36:44,791 - com.AnyAUT.ExecuteTest -INFO - Cols are 256
2020-08-26 14:36:44,811 - com.AnyAUT.ExecuteTest -INFO - KW: openBrowser ,Element Type: - ,Element By: - ,Element ID: - ,Test Data: chrome
2020-08-26 14:36:51,487 - com.AnyAUT.ExecuteTest -INFO - KW: navigateBrowser ,Element Type: - ,Element By: - ,Element ID: - ,Test Data: https://anyaut.com/X/
2020-08-26 14:36:54,314 - com.AnyAUT.ExecuteTest -INFO - KW: waitForSeconds ,Element Type:  ,Element By: - ,Element ID: - ,Test Data: 1
2020-08-26 14:36:55,380 - com.AnyAUT.ExecuteTest -INFO - KW: clickElement ,Element Type: Reusable Element ,Element By: xpath ,Element ID: //*[@id="bs-example-navbar-collapse-1"]/ul/li[4]/a ,Test Data: 
2020-08-26 14:36:56,883 - com.AnyAUT.ExecuteTest -INFO - KW: typeText ,Element Type: Reusable Element ,Element By: xpath ,Element ID: //input[@id='username'] ,Test Data: interaft@mailinator.com
2020-08-26 14:36:57,849 - com.AnyAUT.ExecuteTest -INFO - KW: typeText ,Element Type: Reusable Element ,Element By: xpath ,Element ID: //input[@id='password'] ,Test Data: Atomic77
2020-08-26 14:36:58,699 - com.AnyAUT.ExecuteTest -INFO - KW: waitForSeconds ,Element Type:  ,Element By: - ,Element ID: - ,Test Data: 1
2020-08-26 14:36:59,758 - com.AnyAUT.ExecuteTest -INFO - KW: clickElement ,Element Type: Reusable Element ,Element By: xpath ,Element ID: //button[@name='submit'] ,Test Data: -
2020-08-26 14:37:26,816 - com.AnyAUT.ExecuteTest -INFO - KW: verifyText ,Element Type: Reusable Element ,Element By: xpath ,Element ID: //div[@id='sidebar-menu']//h3[.='Main Menu'] ,Test Data: MAIN MENU
2020-08-26 14:37:46,875 - com.AnyAUT.ExecuteTest -ERROR - Error : NoSuchElementException
2020-08-26 14:37:50,410 - com.AnyAUT.ExecuteTest -INFO - KW: openBrowser ,Element Type: - ,Element By: - ,Element ID: - ,Test Data: chrome
2020-08-26 14:37:54,423 - com.AnyAUT.ExecuteTest -ERROR - Error : WebDriverException
2020-08-26 14:40:30,783 - com.AnyAUT.PrepareRun -INFO - Input FIle Path: C:\AA\Runner\AnyAUT runner\Demo.xls
2020-08-26 14:40:30,793 - com.AnyAUT.PrepareRun -INFO - Output file path  :C:\AA\Runner\AnyAUT runner\Results\TestRun_26Aug_0240/TestRun_26Aug_0240.xls
2020-08-26 14:40:32,124 - com.AnyAUT.PrepareRun -INFO - Entered Main Test
2020-08-26 14:40:32,124 - com.AnyAUT.PrepareRun -INFO - Completed fetching the test cases ready for execution
2020-08-26 14:40:32,134 - com.AnyAUT.PrepareRun -INFO - Completed assigning the top row
2020-08-26 14:40:32,134 - com.AnyAUT.PrepareRun -INFO - Completed fetching test data sets for test case
2020-08-26 14:40:32,144 - com.AnyAUT.PrepareRun -INFO - Completed fetching test data sets for test case
2020-08-26 14:40:32,154 - com.AnyAUT.PrepareRun -INFO - Main test preparation is completed
2020-08-26 14:40:32,174 - com.AnyAUT.PrepareRun -INFO - Test Cases are added to the array
2020-08-26 14:40:34,350 - com.AnyAUT.ExecuteTest -INFO - C:\AA\Runner\AnyAUT runner/Results/TestRun_26Aug_0240/TestRun_26Aug_0240.xls
2020-08-26 14:40:34,350 - com.AnyAUT.ExecuteTest -INFO - C:\AA\Runner\AnyAUT runner/Results/TestRun_26Aug_0240/RunResult_26Aug_0240.xls
2020-08-26 14:40:34,490 - com.AnyAUT.ExecuteTest -INFO - Rows are 65
2020-08-26 14:40:34,490 - com.AnyAUT.ExecuteTest -INFO - Cols are 256
2020-08-26 14:40:34,510 - com.AnyAUT.ExecuteTest -INFO - KW: openBrowser ,Element Type: - ,Element By: - ,Element ID: - ,Test Data: chrome
2020-08-26 14:40:39,784 - com.AnyAUT.ExecuteTest -INFO - KW: navigateBrowser ,Element Type: - ,Element By: - ,Element ID: - ,Test Data: https://anyaut.com/X/
2020-08-26 14:40:41,876 - com.AnyAUT.ExecuteTest -INFO - KW: waitForSeconds ,Element Type:  ,Element By: - ,Element ID: - ,Test Data: 1
2020-08-26 14:40:42,922 - com.AnyAUT.ExecuteTest -INFO - KW: clickElement ,Element Type: Reusable Element ,Element By: xpath ,Element ID: //*[@id="bs-example-navbar-collapse-1"]/ul/li[4]/a ,Test Data: 
2020-08-26 14:40:43,813 - com.AnyAUT.ExecuteTest -INFO - KW: typeText ,Element Type: Reusable Element ,Element By: xpath ,Element ID: //input[@id='username'] ,Test Data: interaft@mailinator.com
2020-08-26 14:40:44,485 - com.AnyAUT.ExecuteTest -INFO - KW: typeText ,Element Type: Reusable Element ,Element By: xpath ,Element ID: //input[@id='password'] ,Test Data: Atomic77
2020-08-26 14:40:45,236 - com.AnyAUT.ExecuteTest -INFO - KW: waitForSeconds ,Element Type:  ,Element By: - ,Element ID: - ,Test Data: 1
2020-08-26 14:40:46,280 - com.AnyAUT.ExecuteTest -INFO - KW: clickElement ,Element Type: Reusable Element ,Element By: xpath ,Element ID: //button[@name='submit'] ,Test Data: -
2020-08-26 14:41:06,052 - com.AnyAUT.ExecuteTest -INFO - KW: verifyText ,Element Type: Reusable Element ,Element By: xpath ,Element ID: //div[@id='sidebar-menu']//h3[.='Main Menu'] ,Test Data: MAIN MENU
2020-08-26 14:41:06,263 - com.AnyAUT.ExecuteTest -INFO - KW: waitForSeconds ,Element Type: - ,Element By:  ,Element ID: - ,Test Data: 1
2020-08-26 14:41:07,340 - com.AnyAUT.ExecuteTest -INFO - KW: verifyTitle ,Element Type: Reusable Element ,Element By: xpath ,Element ID: //div/div/div[3]/h1234 ,Test Data: Dashboard | 
2020-08-26 14:41:19,450 - com.AnyAUT.ExecuteTest -INFO - KW: waitForSeconds ,Element Type: - ,Element By:  ,Element ID: - ,Test Data: 1
2020-08-26 14:41:20,500 - com.AnyAUT.ExecuteTest -INFO - KW: verifyText ,Element Type: Reusable Element ,Element By: xpath ,Element ID: //div/div/div[3]/div[1]/h4 ,Test Data: Test Setup
2020-08-26 14:41:20,726 - com.AnyAUT.ExecuteTest -INFO - KW: verifyText ,Element Type: Reusable Element ,Element By: xpath ,Element ID: //div/div/div[3]/div[1]/div[1]/a/div/div[1]/h4 ,Test Data: Modules
2020-08-26 14:41:20,909 - com.AnyAUT.ExecuteTest -INFO - KW: verifyText ,Element Type: Reusable Element ,Element By: xpath ,Element ID: //div/div/div[3]/div[1]/div[2]/a/div/div[1]/h4 ,Test Data: Test Cases
2020-08-26 14:41:21,096 - com.AnyAUT.ExecuteTest -INFO - KW: verifyText ,Element Type: Reusable Element ,Element By: xpath ,Element ID: //div/div/div[3]/div[1]/div[3]/a/div/div[1]/h4 ,Test Data: Test Steps
2020-08-26 14:41:21,276 - com.AnyAUT.ExecuteTest -INFO - KW: verifyText ,Element Type: Reusable Element ,Element By: xpath ,Element ID: //div/div/div[3]/div[2]/h4 ,Test Data: Reusable Components
2020-08-26 14:41:21,462 - com.AnyAUT.ExecuteTest -INFO - KW: verifyText ,Element Type: Reusable Element ,Element By: xpath ,Element ID: //div/div/div[3]/div[2]/div[1]/a/div/div[1]/h4 ,Test Data: Elements
2020-08-26 14:41:21,648 - com.AnyAUT.ExecuteTest -INFO - KW: verifyText ,Element Type: Reusable Element ,Element By: xpath ,Element ID: //div/div/div[3]/div[2]/div[2]/a/div/div[1]/h4 ,Test Data: Test Data
2020-08-26 14:41:21,813 - com.AnyAUT.ExecuteTest -INFO - KW: verifyText ,Element Type: Reusable Element ,Element By: xpath ,Element ID: //div/div/div[3]/div[2]/div[3]/a/div/div[1]/h4 ,Test Data: User Defined Keywords
2020-08-26 14:41:21,983 - com.AnyAUT.ExecuteTest -INFO - KW: verifyText ,Element Type: Reusable Element ,Element By: xpath ,Element ID: //div/div/div[3]/div[2]/div[4]/a/div/div[1] ,Test Data: Built-In Keywords
2020-08-26 14:41:22,170 - com.AnyAUT.ExecuteTest -INFO - KW: scrollByElement ,Element Type: Reusable Element ,Element By: xpath ,Element ID: //div/div/div[3]/div[3]/h4 ,Test Data: -
2020-08-26 14:41:22,338 - com.AnyAUT.ExecuteTest -INFO - KW: verifyText ,Element Type: Reusable Element ,Element By: xpath ,Element ID: //div/div/div[3]/div[3]/h4 ,Test Data: Test Run
2020-08-26 14:41:22,500 - com.AnyAUT.ExecuteTest -INFO - KW: verifyText ,Element Type: Reusable Element ,Element By: xpath ,Element ID: //div/div/div[3]/div[3]/div/a/div/div[1] ,Test Data: Test Run
2020-08-26 14:41:22,683 - com.AnyAUT.ExecuteTest -INFO - KW: verifyText ,Element Type: Reusable Element ,Element By: xpath ,Element ID: //div/div/div[3]/div[4]/h4 ,Test Data: Test Results
2020-08-26 14:41:22,856 - com.AnyAUT.ExecuteTest -INFO - KW: verifyText ,Element Type: Reusable Element ,Element By: xpath ,Element ID: //div/div/div[3]/div[4]/div/a/div/div[1]/h4 ,Test Data: Test Results
2020-08-26 14:41:23,065 - com.AnyAUT.ExecuteTest -INFO - KW: scrollByElement ,Element Type: Reusable Element ,Element By: xpath ,Element ID: //div/div/div[2]/div/nav/ul/li/a ,Test Data: -
2020-08-26 14:41:23,222 - com.AnyAUT.ExecuteTest -INFO - KW: clickElement ,Element Type: Reusable Element ,Element By: xpath ,Element ID: //div/div/div[2]/div/nav/ul/li/a ,Test Data: -
2020-08-26 14:41:23,457 - com.AnyAUT.ExecuteTest -INFO - KW: scrollByElement ,Element Type: Reusable Element ,Element By: xpath ,Element ID: //div/div/div[2]/div/nav/ul/li/ul/li[2]/a ,Test Data: 
2020-08-26 14:41:23,624 - com.AnyAUT.ExecuteTest -INFO - KW: clickElement ,Element Type: Reusable Element ,Element By: xpath ,Element ID: //div/div/div[2]/div/nav/ul/li/ul/li[2]/a ,Test Data: -
2020-08-26 14:41:36,800 - com.AnyAUT.ExecuteTest -INFO - KW: waitForSeconds ,Element Type:  ,Element By: - ,Element ID: - ,Test Data: 1
2020-08-26 14:41:37,869 - com.AnyAUT.ExecuteTest -INFO - KW: quitBrowser ,Element Type: - ,Element By: - ,Element ID: - ,Test Data: -
2020-08-26 14:41:39,270 - com.AnyAUT.ExecuteTest -INFO - KW: openBrowser ,Element Type: - ,Element By: - ,Element ID: - ,Test Data: chrome
2020-08-26 14:41:43,433 - com.AnyAUT.ExecuteTest -INFO - KW: navigateBrowser ,Element Type: - ,Element By: - ,Element ID: - ,Test Data: https://anyaut.com/X/
2020-08-26 14:41:45,344 - com.AnyAUT.ExecuteTest -INFO - KW: waitForSeconds ,Element Type:  ,Element By: - ,Element ID: - ,Test Data: 1
2020-08-26 14:41:46,390 - com.AnyAUT.ExecuteTest -INFO - KW: clickElement ,Element Type: Reusable Element ,Element By: xpath ,Element ID: //*[@id="bs-example-navbar-collapse-1"]/ul/li[4]/a ,Test Data: 
2020-08-26 14:41:47,260 - com.AnyAUT.ExecuteTest -INFO - KW: typeText ,Element Type: Reusable Element ,Element By: xpath ,Element ID: //input[@id='username'] ,Test Data: interaft@mailinator.com
2020-08-26 14:41:47,823 - com.AnyAUT.ExecuteTest -INFO - KW: typeText ,Element Type: Reusable Element ,Element By: xpath ,Element ID: //input[@id='password'] ,Test Data: Atomic77
2020-08-26 14:41:48,519 - com.AnyAUT.ExecuteTest -INFO - KW: waitForSeconds ,Element Type:  ,Element By: - ,Element ID: - ,Test Data: 1
2020-08-26 14:41:49,568 - com.AnyAUT.ExecuteTest -INFO - KW: clickElement ,Element Type: Reusable Element ,Element By: xpath ,Element ID: //button[@name='submit'] ,Test Data: -
2020-08-26 14:42:08,760 - com.AnyAUT.ExecuteTest -INFO - KW: verifyText ,Element Type: Reusable Element ,Element By: xpath ,Element ID: //div[@id='sidebar-menu']//h3[.='Main Menu'] ,Test Data: MAIN MENU
2020-08-26 14:42:08,960 - com.AnyAUT.ExecuteTest -INFO - KW: verifyText ,Element Type: Reusable Element ,Element By: xpath ,Element ID: //div[@id='sidebar-menu']//h3[.='Main Menu'] ,Test Data: MAIN MENU
2020-08-26 14:42:09,098 - com.AnyAUT.ExecuteTest -INFO - KW: verifyText ,Element Type: Reusable Element ,Element By: xpath ,Element ID: //div[@id='sidebar-menu']//ul[@class='nav side-menu']/li[2]/a ,Test Data: Test Plan
2020-08-26 14:42:09,271 - com.AnyAUT.ExecuteTest -INFO - KW: verifyText ,Element Type: Reusable Element ,Element By: xpath ,Element ID: //div[@id='sidebar-menu']//ul[@class='nav side-menu']//a[@href='run-setup.php'] ,Test Data: Test Run Setup
2020-08-26 14:42:09,433 - com.AnyAUT.ExecuteTest -INFO - KW: verifyText ,Element Type: Reusable Element ,Element By: xpath ,Element ID: //div[@id='sidebar-menu']//ul[@class='nav side-menu']//a[@href='test-run.php'] ,Test Data: Test Run
2020-08-26 14:42:09,592 - com.AnyAUT.ExecuteTest -INFO - KW: verifyText ,Element Type: Reusable Element ,Element By: xpath ,Element ID: //div[@id='sidebar-menu']//ul[@class='nav side-menu']//a[@href='test-results.php'] ,Test Data: Test Results
2020-08-26 14:42:09,821 - com.AnyAUT.ExecuteTest -INFO - KW: clickButton ,Element Type: Reusable Element ,Element By: xpath ,Element ID: //div[@id='sidebar-menu']//ul[@class='nav side-menu']/li[2]/a ,Test Data: 
2020-08-26 14:42:10,215 - com.AnyAUT.ExecuteTest -INFO - KW: waitForSeconds ,Element Type:  ,Element By: - ,Element ID: - ,Test Data: 1
2020-08-26 14:42:11,280 - com.AnyAUT.ExecuteTest -INFO - KW: verifyText ,Element Type: Reusable Element ,Element By: xpath ,Element ID: //div[@id='sidebar-menu']//ul[@class='nav side-menu']/li[2]/ul/li[1]/a ,Test Data: Test Setup
2020-08-26 14:42:11,491 - com.AnyAUT.ExecuteTest -INFO - KW: verifyText ,Element Type: Reusable Element ,Element By: xpath ,Element ID: //div[@id='sidebar-menu']//ul[@class='nav side-menu']/li[2]/ul/li[2]/a ,Test Data: Reusable Components
2020-08-26 14:42:11,829 - com.AnyAUT.ExecuteTest -INFO - KW: verifyText ,Element Type: Reusable Element ,Element By: xpath ,Element ID: //div[@id='sidebar-menu']//ul[@class='nav side-menu']/li[2]/ul//a[@title='Export to the Excel sheet'] ,Test Data: Export Test Setup
2020-08-26 14:42:12,164 - com.AnyAUT.ExecuteTest -INFO - KW: clickButton ,Element Type: Reusable Element ,Element By: xpath ,Element ID: //div[@id='sidebar-menu']//ul[@class='nav side-menu']/li[2]/ul/li[1]/a ,Test Data: 
2020-08-26 14:42:12,445 - com.AnyAUT.ExecuteTest -INFO - KW: waitForSeconds ,Element Type:  ,Element By: - ,Element ID: - ,Test Data: 1
2020-08-26 14:42:13,491 - com.AnyAUT.ExecuteTest -INFO - KW: verifyText ,Element Type: Reusable Element ,Element By: xpath ,Element ID: //div[@id='sidebar-menu']//ul[@class='nav side-menu']/li[2]/ul/li[1]/ul//a[@href='aut-details.php'] ,Test Data: AUT
2020-08-26 14:42:14,154 - com.AnyAUT.ExecuteTest -INFO - KW: verifyText ,Element Type: Reusable Element ,Element By: xpath ,Element ID: //div[@id='sidebar-menu']//ul[@class='nav side-menu']/li[2]/ul/li[1]/ul//a[@href='add-module.php'] ,Test Data: Modules
2020-08-26 14:42:14,566 - com.AnyAUT.ExecuteTest -INFO - KW: verifyText ,Element Type: Reusable Element ,Element By: xpath ,Element ID: //div[@id='sidebar-menu']//ul[@class='nav side-menu']/li[2]/ul/li[1]/ul//a[@href='add-test-case.php'] ,Test Data: Test Cases
2020-08-26 14:42:14,966 - com.AnyAUT.ExecuteTest -INFO - KW: verifyText ,Element Type: Reusable Element ,Element By: xpath ,Element ID: //div[@id='sidebar-menu']//ul[@class='nav side-menu']/li[2]/ul/li[1]/ul//a[@href='add-test-steps.php'] ,Test Data: Test Steps
2020-08-26 14:42:15,299 - com.AnyAUT.ExecuteTest -INFO - KW: clickButton ,Element Type: Reusable Element ,Element By: xpath ,Element ID: //div[@id='sidebar-menu']//ul[@class='nav side-menu']/li[2]/ul/li[2]/a ,Test Data: 
2020-08-26 14:42:15,588 - com.AnyAUT.ExecuteTest -INFO - KW: waitForSeconds ,Element Type:  ,Element By: - ,Element ID: - ,Test Data: 1
2020-08-26 14:42:16,670 - com.AnyAUT.ExecuteTest -INFO - KW: verifyText ,Element Type: Reusable Element ,Element By: xpath ,Element ID: //div[@id='sidebar-menu']//ul[@class='nav side-menu']/li[2]/ul/li[2]/ul//a[@href='add-element-map.php'] ,Test Data: Element Map
2020-08-26 14:42:16,920 - com.AnyAUT.ExecuteTest -INFO - KW: verifyText ,Element Type: Reusable Element ,Element By: xpath ,Element ID: //div[@id='sidebar-menu']//ul[@class='nav side-menu']/li[2]/ul/li[2]/ul//a[@href='add-test-data.php'] ,Test Data: Test Data
2020-08-26 14:42:17,130 - com.AnyAUT.ExecuteTest -INFO - KW: verifyText ,Element Type: Reusable Element ,Element By: xpath ,Element ID: //div[@id='sidebar-menu']//ul[@class='nav side-menu']/li[2]/ul/li[2]/ul//a[@href='add-hlk.php'] ,Test Data: User Defined Keywords
2020-08-26 14:42:17,652 - com.AnyAUT.ExecuteTest -INFO - KW: verifyText ,Element Type: Reusable Element ,Element By: xpath ,Element ID: //div[@id='sidebar-menu']//ul[@class='nav side-menu']/li[2]/ul/li[2]/ul//a[@href='llk.php'] ,Test Data: Built-In Keywords
2020-08-26 14:42:17,874 - com.AnyAUT.ExecuteTest -INFO - KW: quitBrowser ,Element Type:  ,Element By: - ,Element ID: - ,Test Data: 
2020-08-26 15:08:11,213 - com.AnyAUT.PrepareRun -INFO - Input FIle Path: Demo.xls
2020-08-26 15:08:11,222 - com.AnyAUT.PrepareRun -INFO - Output file path  :C:\AA\Runner\AnyAUT runner\Results\TestRun_26Aug_0308_Demo/TestRun_26Aug_0308_Demo.xls
2020-08-26 21:59:02,908 - com.AnyAUT.PrepareRun -INFO - Input FIle Path: C:\AA\Runner\AnyAUT runner\Demo.xls
2020-08-26 21:59:02,923 - com.AnyAUT.PrepareRun -INFO - Output file path  :C:\AA\Runner\AnyAUT runner\Results\TestRun_26Aug_0958/TestRun_26Aug_0958.xls
2020-08-26 21:59:04,926 - com.AnyAUT.PrepareRun -INFO - Entered Main Test
2020-08-26 21:59:04,929 - com.AnyAUT.PrepareRun -INFO - Completed fetching the test cases ready for execution
2020-08-26 21:59:04,932 - com.AnyAUT.PrepareRun -INFO - Completed assigning the top row
2020-08-26 21:59:04,934 - com.AnyAUT.PrepareRun -INFO - Completed fetching test data sets for test case
2020-08-26 21:59:04,982 - com.AnyAUT.PrepareRun -INFO - Completed fetching test data sets for test case
2020-08-26 21:59:04,990 - com.AnyAUT.PrepareRun -INFO - Main test preparation is completed
2020-08-26 21:59:05,018 - com.AnyAUT.PrepareRun -INFO - Test Cases are added to the array
2020-08-26 21:59:07,455 - com.AnyAUT.ExecuteTest -INFO - C:\AA\Runner\AnyAUT runner/Results/TestRun_26Aug_0958/TestRun_26Aug_0958.xls
2020-08-26 21:59:07,455 - com.AnyAUT.ExecuteTest -INFO - C:\AA\Runner\AnyAUT runner/Results/TestRun_26Aug_0958/RunResult_26Aug_0958.xls
2020-08-26 21:59:07,555 - com.AnyAUT.ExecuteTest -INFO - Rows are 65
2020-08-26 21:59:07,555 - com.AnyAUT.ExecuteTest -INFO - Cols are 256
2020-08-26 21:59:07,566 - com.AnyAUT.ExecuteTest -INFO - KW: openBrowser ,Element Type: - ,Element By: - ,Element ID: - ,Test Data: chrome
2020-08-26 21:59:14,356 - com.AnyAUT.ExecuteTest -INFO - KW: navigateBrowser ,Element Type: - ,Element By: - ,Element ID: - ,Test Data: https://anyaut.com/X/
2020-08-26 21:59:18,850 - com.AnyAUT.ExecuteTest -INFO - KW: waitForSeconds ,Element Type:  ,Element By: - ,Element ID: - ,Test Data: 1
2020-08-26 21:59:19,893 - com.AnyAUT.ExecuteTest -INFO - KW: clickElement ,Element Type: Reusable Element ,Element By: xpath ,Element ID: //*[@id="bs-example-navbar-collapse-1"]/ul/li[4]/a ,Test Data: 
2020-08-26 21:59:21,390 - com.AnyAUT.ExecuteTest -INFO - KW: typeText ,Element Type: Reusable Element ,Element By: xpath ,Element ID: //input[@id='username'] ,Test Data: interaft@mailinator.com
2020-08-26 21:59:21,830 - com.AnyAUT.ExecuteTest -INFO - KW: typeText ,Element Type: Reusable Element ,Element By: xpath ,Element ID: //input[@id='password'] ,Test Data: Atomic77
2020-08-26 21:59:22,264 - com.AnyAUT.ExecuteTest -INFO - KW: waitForSeconds ,Element Type:  ,Element By: - ,Element ID: - ,Test Data: 1
2020-08-26 21:59:23,345 - com.AnyAUT.ExecuteTest -INFO - KW: clickElement ,Element Type: Reusable Element ,Element By: xpath ,Element ID: //button[@name='submit'] ,Test Data: -
2020-08-26 21:59:45,670 - com.AnyAUT.ExecuteTest -INFO - KW: verifyText ,Element Type: Reusable Element ,Element By: xpath ,Element ID: //div[@id='sidebar-menu']//h3[.='Main Menu'] ,Test Data: MAIN MENU
2020-08-26 21:59:46,037 - com.AnyAUT.ExecuteTest -INFO - KW: waitForSeconds ,Element Type: - ,Element By:  ,Element ID: - ,Test Data: 1
2020-08-26 21:59:47,201 - com.AnyAUT.ExecuteTest -INFO - KW: verifyTitle ,Element Type: Reusable Element ,Element By: xpath ,Element ID: //div/div/div[3]/h1234 ,Test Data: Dashboard | 
2020-08-26 21:59:59,371 - com.AnyAUT.ExecuteTest -INFO - KW: waitForSeconds ,Element Type: - ,Element By:  ,Element ID: - ,Test Data: 1
2020-08-26 22:00:00,460 - com.AnyAUT.ExecuteTest -INFO - KW: verifyText ,Element Type: Reusable Element ,Element By: xpath ,Element ID: //div/div/div[3]/div[1]/h4 ,Test Data: Test Setup
2020-08-26 22:00:00,825 - com.AnyAUT.ExecuteTest -INFO - KW: verifyText ,Element Type: Reusable Element ,Element By: xpath ,Element ID: //div/div/div[3]/div[1]/div[1]/a/div/div[1]/h4 ,Test Data: Modules
2020-08-26 22:00:01,113 - com.AnyAUT.ExecuteTest -INFO - KW: verifyText ,Element Type: Reusable Element ,Element By: xpath ,Element ID: //div/div/div[3]/div[1]/div[2]/a/div/div[1]/h4 ,Test Data: Test Cases
2020-08-26 22:00:01,349 - com.AnyAUT.ExecuteTest -INFO - KW: verifyText ,Element Type: Reusable Element ,Element By: xpath ,Element ID: //div/div/div[3]/div[1]/div[3]/a/div/div[1]/h4 ,Test Data: Test Steps
2020-08-26 22:00:01,574 - com.AnyAUT.ExecuteTest -INFO - KW: verifyText ,Element Type: Reusable Element ,Element By: xpath ,Element ID: //div/div/div[3]/div[2]/h4 ,Test Data: Reusable Components
2020-08-26 22:00:01,778 - com.AnyAUT.ExecuteTest -INFO - KW: verifyText ,Element Type: Reusable Element ,Element By: xpath ,Element ID: //div/div/div[3]/div[2]/div[1]/a/div/div[1]/h4 ,Test Data: Elements
2020-08-26 22:00:02,097 - com.AnyAUT.ExecuteTest -INFO - KW: verifyText ,Element Type: Reusable Element ,Element By: xpath ,Element ID: //div/div/div[3]/div[2]/div[2]/a/div/div[1]/h4 ,Test Data: Test Data
2020-08-26 22:00:02,294 - com.AnyAUT.ExecuteTest -INFO - KW: verifyText ,Element Type: Reusable Element ,Element By: xpath ,Element ID: //div/div/div[3]/div[2]/div[3]/a/div/div[1]/h4 ,Test Data: User Defined Keywords
2020-08-26 22:00:02,500 - com.AnyAUT.ExecuteTest -INFO - KW: verifyText ,Element Type: Reusable Element ,Element By: xpath ,Element ID: //div/div/div[3]/div[2]/div[4]/a/div/div[1] ,Test Data: Built-In Keywords
2020-08-26 22:00:02,701 - com.AnyAUT.ExecuteTest -INFO - KW: scrollByElement ,Element Type: Reusable Element ,Element By: xpath ,Element ID: //div/div/div[3]/div[3]/h4 ,Test Data: -
2020-08-26 22:00:02,931 - com.AnyAUT.ExecuteTest -INFO - KW: verifyText ,Element Type: Reusable Element ,Element By: xpath ,Element ID: //div/div/div[3]/div[3]/h4 ,Test Data: Test Run
2020-08-26 22:00:03,109 - com.AnyAUT.ExecuteTest -INFO - KW: verifyText ,Element Type: Reusable Element ,Element By: xpath ,Element ID: //div/div/div[3]/div[3]/div/a/div/div[1] ,Test Data: Test Run
2020-08-26 22:00:03,253 - com.AnyAUT.ExecuteTest -INFO - KW: verifyText ,Element Type: Reusable Element ,Element By: xpath ,Element ID: //div/div/div[3]/div[4]/h4 ,Test Data: Test Results
2020-08-26 22:00:03,421 - com.AnyAUT.ExecuteTest -INFO - KW: verifyText ,Element Type: Reusable Element ,Element By: xpath ,Element ID: //div/div/div[3]/div[4]/div/a/div/div[1]/h4 ,Test Data: Test Results
2020-08-26 22:00:03,744 - com.AnyAUT.ExecuteTest -INFO - KW: scrollByElement ,Element Type: Reusable Element ,Element By: xpath ,Element ID: //div/div/div[2]/div/nav/ul/li/a ,Test Data: -
2020-08-26 22:00:04,113 - com.AnyAUT.ExecuteTest -INFO - KW: clickElement ,Element Type: Reusable Element ,Element By: xpath ,Element ID: //div/div/div[2]/div/nav/ul/li/a ,Test Data: -
2020-08-26 22:00:04,469 - com.AnyAUT.ExecuteTest -INFO - KW: scrollByElement ,Element Type: Reusable Element ,Element By: xpath ,Element ID: //div/div/div[2]/div/nav/ul/li/ul/li[2]/a ,Test Data: 
2020-08-26 22:00:04,672 - com.AnyAUT.ExecuteTest -INFO - KW: clickElement ,Element Type: Reusable Element ,Element By: xpath ,Element ID: //div/div/div[2]/div/nav/ul/li/ul/li[2]/a ,Test Data: -
2020-08-26 22:00:18,550 - com.AnyAUT.ExecuteTest -INFO - KW: waitForSeconds ,Element Type:  ,Element By: - ,Element ID: - ,Test Data: 1
2020-08-26 22:00:19,628 - com.AnyAUT.ExecuteTest -INFO - KW: quitBrowser ,Element Type: - ,Element By: - ,Element ID: - ,Test Data: -
2020-08-26 22:00:21,390 - com.AnyAUT.ExecuteTest -INFO - KW: openBrowser ,Element Type: - ,Element By: - ,Element ID: - ,Test Data: chrome
2020-08-26 22:00:25,345 - com.AnyAUT.ExecuteTest -INFO - KW: navigateBrowser ,Element Type: - ,Element By: - ,Element ID: - ,Test Data: https://anyaut.com/X/
2020-08-26 22:00:29,653 - com.AnyAUT.ExecuteTest -INFO - KW: waitForSeconds ,Element Type:  ,Element By: - ,Element ID: - ,Test Data: 1
2020-08-26 22:00:30,712 - com.AnyAUT.ExecuteTest -INFO - KW: clickElement ,Element Type: Reusable Element ,Element By: xpath ,Element ID: //*[@id="bs-example-navbar-collapse-1"]/ul/li[4]/a ,Test Data: 
2020-08-26 22:00:32,230 - com.AnyAUT.ExecuteTest -INFO - KW: typeText ,Element Type: Reusable Element ,Element By: xpath ,Element ID: //input[@id='username'] ,Test Data: interaft@mailinator.com
2020-08-26 22:00:33,004 - com.AnyAUT.ExecuteTest -INFO - KW: typeText ,Element Type: Reusable Element ,Element By: xpath ,Element ID: //input[@id='password'] ,Test Data: Atomic77
2020-08-26 22:00:33,550 - com.AnyAUT.ExecuteTest -INFO - KW: waitForSeconds ,Element Type:  ,Element By: - ,Element ID: - ,Test Data: 1
2020-08-26 22:00:34,587 - com.AnyAUT.ExecuteTest -INFO - KW: clickElement ,Element Type: Reusable Element ,Element By: xpath ,Element ID: //button[@name='submit'] ,Test Data: -
2020-08-26 22:00:53,394 - com.AnyAUT.ExecuteTest -INFO - KW: verifyText ,Element Type: Reusable Element ,Element By: xpath ,Element ID: //div[@id='sidebar-menu']//h3[.='Main Menu'] ,Test Data: MAIN MENU
2020-08-26 22:00:53,695 - com.AnyAUT.ExecuteTest -INFO - KW: verifyText ,Element Type: Reusable Element ,Element By: xpath ,Element ID: //div[@id='sidebar-menu']//h3[.='Main Menu'] ,Test Data: MAIN MENU
2020-08-26 22:00:53,892 - com.AnyAUT.ExecuteTest -INFO - KW: verifyText ,Element Type: Reusable Element ,Element By: xpath ,Element ID: //div[@id='sidebar-menu']//ul[@class='nav side-menu']/li[2]/a ,Test Data: Test Plan
2020-08-26 22:00:54,145 - com.AnyAUT.ExecuteTest -INFO - KW: verifyText ,Element Type: Reusable Element ,Element By: xpath ,Element ID: //div[@id='sidebar-menu']//ul[@class='nav side-menu']//a[@href='run-setup.php'] ,Test Data: Test Run Setup
2020-08-26 22:00:54,344 - com.AnyAUT.ExecuteTest -INFO - KW: verifyText ,Element Type: Reusable Element ,Element By: xpath ,Element ID: //div[@id='sidebar-menu']//ul[@class='nav side-menu']//a[@href='test-run.php'] ,Test Data: Test Run
2020-08-26 22:00:54,551 - com.AnyAUT.ExecuteTest -INFO - KW: verifyText ,Element Type: Reusable Element ,Element By: xpath ,Element ID: //div[@id='sidebar-menu']//ul[@class='nav side-menu']//a[@href='test-results.php'] ,Test Data: Test Results
2020-08-26 22:00:54,780 - com.AnyAUT.ExecuteTest -INFO - KW: clickButton ,Element Type: Reusable Element ,Element By: xpath ,Element ID: //div[@id='sidebar-menu']//ul[@class='nav side-menu']/li[2]/a ,Test Data: 
2020-08-26 22:00:55,136 - com.AnyAUT.ExecuteTest -INFO - KW: waitForSeconds ,Element Type:  ,Element By: - ,Element ID: - ,Test Data: 1
2020-08-26 22:00:56,289 - com.AnyAUT.ExecuteTest -INFO - KW: verifyText ,Element Type: Reusable Element ,Element By: xpath ,Element ID: //div[@id='sidebar-menu']//ul[@class='nav side-menu']/li[2]/ul/li[1]/a ,Test Data: Test Setup
2020-08-26 22:00:56,730 - com.AnyAUT.ExecuteTest -INFO - KW: verifyText ,Element Type: Reusable Element ,Element By: xpath ,Element ID: //div[@id='sidebar-menu']//ul[@class='nav side-menu']/li[2]/ul/li[2]/a ,Test Data: Reusable Components
2020-08-26 22:00:57,114 - com.AnyAUT.ExecuteTest -INFO - KW: verifyText ,Element Type: Reusable Element ,Element By: xpath ,Element ID: //div[@id='sidebar-menu']//ul[@class='nav side-menu']/li[2]/ul//a[@title='Export to the Excel sheet'] ,Test Data: Export Test Setup
2020-08-26 22:00:57,563 - com.AnyAUT.ExecuteTest -INFO - KW: clickButton ,Element Type: Reusable Element ,Element By: xpath ,Element ID: //div[@id='sidebar-menu']//ul[@class='nav side-menu']/li[2]/ul/li[1]/a ,Test Data: 
2020-08-26 22:00:58,320 - com.AnyAUT.ExecuteTest -INFO - KW: waitForSeconds ,Element Type:  ,Element By: - ,Element ID: - ,Test Data: 1
2020-08-26 22:00:59,384 - com.AnyAUT.ExecuteTest -INFO - KW: verifyText ,Element Type: Reusable Element ,Element By: xpath ,Element ID: //div[@id='sidebar-menu']//ul[@class='nav side-menu']/li[2]/ul/li[1]/ul//a[@href='aut-details.php'] ,Test Data: AUT
2020-08-26 22:00:59,609 - com.AnyAUT.ExecuteTest -INFO - KW: verifyText ,Element Type: Reusable Element ,Element By: xpath ,Element ID: //div[@id='sidebar-menu']//ul[@class='nav side-menu']/li[2]/ul/li[1]/ul//a[@href='add-module.php'] ,Test Data: Modules
2020-08-26 22:00:59,805 - com.AnyAUT.ExecuteTest -INFO - KW: verifyText ,Element Type: Reusable Element ,Element By: xpath ,Element ID: //div[@id='sidebar-menu']//ul[@class='nav side-menu']/li[2]/ul/li[1]/ul//a[@href='add-test-case.php'] ,Test Data: Test Cases
2020-08-26 22:01:00,107 - com.AnyAUT.ExecuteTest -INFO - KW: verifyText ,Element Type: Reusable Element ,Element By: xpath ,Element ID: //div[@id='sidebar-menu']//ul[@class='nav side-menu']/li[2]/ul/li[1]/ul//a[@href='add-test-steps.php'] ,Test Data: Test Steps
2020-08-26 22:01:00,280 - com.AnyAUT.ExecuteTest -INFO - KW: clickButton ,Element Type: Reusable Element ,Element By: xpath ,Element ID: //div[@id='sidebar-menu']//ul[@class='nav side-menu']/li[2]/ul/li[2]/a ,Test Data: 
2020-08-26 22:01:00,521 - com.AnyAUT.ExecuteTest -INFO - KW: waitForSeconds ,Element Type:  ,Element By: - ,Element ID: - ,Test Data: 1
2020-08-26 22:01:01,560 - com.AnyAUT.ExecuteTest -INFO - KW: verifyText ,Element Type: Reusable Element ,Element By: xpath ,Element ID: //div[@id='sidebar-menu']//ul[@class='nav side-menu']/li[2]/ul/li[2]/ul//a[@href='add-element-map.php'] ,Test Data: Element Map
2020-08-26 22:01:01,745 - com.AnyAUT.ExecuteTest -INFO - KW: verifyText ,Element Type: Reusable Element ,Element By: xpath ,Element ID: //div[@id='sidebar-menu']//ul[@class='nav side-menu']/li[2]/ul/li[2]/ul//a[@href='add-test-data.php'] ,Test Data: Test Data
2020-08-26 22:01:01,913 - com.AnyAUT.ExecuteTest -INFO - KW: verifyText ,Element Type: Reusable Element ,Element By: xpath ,Element ID: //div[@id='sidebar-menu']//ul[@class='nav side-menu']/li[2]/ul/li[2]/ul//a[@href='add-hlk.php'] ,Test Data: User Defined Keywords
2020-08-26 22:01:02,096 - com.AnyAUT.ExecuteTest -INFO - KW: verifyText ,Element Type: Reusable Element ,Element By: xpath ,Element ID: //div[@id='sidebar-menu']//ul[@class='nav side-menu']/li[2]/ul/li[2]/ul//a[@href='llk.php'] ,Test Data: Built-In Keywords
2020-08-26 22:01:02,254 - com.AnyAUT.ExecuteTest -INFO - KW: quitBrowser ,Element Type:  ,Element By: - ,Element ID: - ,Test Data: 
2020-08-26 22:03:55,176 - com.AnyAUT.PrepareRun -INFO - Input FIle Path: C:\AA\Runner\AnyAUT runner\Demo.xls
2020-08-26 22:03:55,189 - com.AnyAUT.PrepareRun -INFO - Output file path  :C:\AA\Runner\AnyAUT runner\Results\TestRun_26Aug_1003/TestRun_26Aug_1003.xls
2020-08-26 22:03:56,529 - com.AnyAUT.PrepareRun -INFO - Entered Main Test
2020-08-26 22:03:56,534 - com.AnyAUT.PrepareRun -INFO - Completed fetching the test cases ready for execution
2020-08-26 22:03:56,541 - com.AnyAUT.PrepareRun -INFO - Completed assigning the top row
2020-08-26 22:03:56,542 - com.AnyAUT.PrepareRun -INFO - Completed fetching test data sets for test case
2020-08-26 22:03:56,551 - com.AnyAUT.PrepareRun -INFO - Completed fetching test data sets for test case
2020-08-26 22:03:56,556 - com.AnyAUT.PrepareRun -INFO - Main test preparation is completed
2020-08-26 22:03:56,569 - com.AnyAUT.PrepareRun -INFO - Test Cases are added to the array
2020-08-26 22:03:58,914 - com.AnyAUT.ExecuteTest -INFO - C:\AA\Runner\AnyAUT runner/Results/TestRun_26Aug_1003/TestRun_26Aug_1003.xls
2020-08-26 22:03:58,915 - com.AnyAUT.ExecuteTest -INFO - C:\AA\Runner\AnyAUT runner/Results/TestRun_26Aug_1003/RunResult_26Aug_1003.xls
2020-08-26 22:03:59,016 - com.AnyAUT.ExecuteTest -INFO - Rows are 65
2020-08-26 22:03:59,017 - com.AnyAUT.ExecuteTest -INFO - Cols are 256
2020-08-26 22:03:59,024 - com.AnyAUT.ExecuteTest -INFO - KW: openBrowser ,Element Type: - ,Element By: - ,Element ID: - ,Test Data: chrome
2020-08-26 22:04:04,900 - com.AnyAUT.ExecuteTest -INFO - KW: navigateBrowser ,Element Type: - ,Element By: - ,Element ID: - ,Test Data: https://anyaut.com/X/
2020-08-26 22:04:08,631 - com.AnyAUT.ExecuteTest -INFO - KW: waitForSeconds ,Element Type:  ,Element By: - ,Element ID: - ,Test Data: 1
2020-08-26 22:04:09,690 - com.AnyAUT.ExecuteTest -INFO - KW: clickElement ,Element Type: Reusable Element ,Element By: xpath ,Element ID: //*[@id="bs-example-navbar-collapse-1"]/ul/li[4]/a ,Test Data: 
2020-08-26 22:04:11,292 - com.AnyAUT.ExecuteTest -INFO - KW: typeText ,Element Type: Reusable Element ,Element By: xpath ,Element ID: //input[@id='username'] ,Test Data: interaft@mailinator.com
2020-08-26 22:04:11,799 - com.AnyAUT.ExecuteTest -INFO - KW: typeText ,Element Type: Reusable Element ,Element By: xpath ,Element ID: //input[@id='password'] ,Test Data: Atomic77
2020-08-26 22:04:12,191 - com.AnyAUT.ExecuteTest -INFO - KW: waitForSeconds ,Element Type:  ,Element By: - ,Element ID: - ,Test Data: 1
2020-08-26 22:04:13,274 - com.AnyAUT.ExecuteTest -INFO - KW: clickElement ,Element Type: Reusable Element ,Element By: xpath ,Element ID: //button[@name='submit'] ,Test Data: -
2020-08-26 22:04:37,814 - com.AnyAUT.ExecuteTest -INFO - KW: verifyText ,Element Type: Reusable Element ,Element By: xpath ,Element ID: //div[@id='sidebar-menu']//h3[.='Main Menu'] ,Test Data: MAIN MENU
2020-08-26 22:04:38,153 - com.AnyAUT.ExecuteTest -INFO - KW: waitForSeconds ,Element Type: - ,Element By:  ,Element ID: - ,Test Data: 1
2020-08-26 22:04:39,269 - com.AnyAUT.ExecuteTest -INFO - KW: verifyTitle ,Element Type: Reusable Element ,Element By: xpath ,Element ID: //div/div/div[3]/h1234 ,Test Data: Dashboard | 
2020-08-26 22:04:51,587 - com.AnyAUT.ExecuteTest -INFO - KW: waitForSeconds ,Element Type: - ,Element By:  ,Element ID: - ,Test Data: 1
2020-08-26 22:04:52,675 - com.AnyAUT.ExecuteTest -INFO - KW: verifyText ,Element Type: Reusable Element ,Element By: xpath ,Element ID: //div/div/div[3]/div[1]/h4 ,Test Data: Test Setup
2020-08-26 22:04:53,043 - com.AnyAUT.ExecuteTest -INFO - KW: verifyText ,Element Type: Reusable Element ,Element By: xpath ,Element ID: //div/div/div[3]/div[1]/div[1]/a/div/div[1]/h4 ,Test Data: Modules
2020-08-26 22:04:53,384 - com.AnyAUT.ExecuteTest -INFO - KW: verifyText ,Element Type: Reusable Element ,Element By: xpath ,Element ID: //div/div/div[3]/div[1]/div[2]/a/div/div[1]/h4 ,Test Data: Test Cases
2020-08-26 22:04:53,622 - com.AnyAUT.ExecuteTest -INFO - KW: verifyText ,Element Type: Reusable Element ,Element By: xpath ,Element ID: //div/div/div[3]/div[1]/div[3]/a/div/div[1]/h4 ,Test Data: Test Steps
2020-08-26 22:04:53,791 - com.AnyAUT.ExecuteTest -INFO - KW: verifyText ,Element Type: Reusable Element ,Element By: xpath ,Element ID: //div/div/div[3]/div[2]/h4 ,Test Data: Reusable Components
2020-08-26 22:04:54,038 - com.AnyAUT.ExecuteTest -INFO - KW: verifyText ,Element Type: Reusable Element ,Element By: xpath ,Element ID: //div/div/div[3]/div[2]/div[1]/a/div/div[1]/h4 ,Test Data: Elements
2020-08-26 22:04:54,220 - com.AnyAUT.ExecuteTest -INFO - KW: verifyText ,Element Type: Reusable Element ,Element By: xpath ,Element ID: //div/div/div[3]/div[2]/div[2]/a/div/div[1]/h4 ,Test Data: Test Data
2020-08-26 22:04:54,443 - com.AnyAUT.ExecuteTest -INFO - KW: verifyText ,Element Type: Reusable Element ,Element By: xpath ,Element ID: //div/div/div[3]/div[2]/div[3]/a/div/div[1]/h4 ,Test Data: User Defined Keywords
2020-08-26 22:04:54,668 - com.AnyAUT.ExecuteTest -INFO - KW: verifyText ,Element Type: Reusable Element ,Element By: xpath ,Element ID: //div/div/div[3]/div[2]/div[4]/a/div/div[1] ,Test Data: Built-In Keywords
2020-08-26 22:04:54,834 - com.AnyAUT.ExecuteTest -INFO - KW: scrollByElement ,Element Type: Reusable Element ,Element By: xpath ,Element ID: //div/div/div[3]/div[3]/h4 ,Test Data: -
2020-08-26 22:04:54,977 - com.AnyAUT.ExecuteTest -INFO - KW: verifyText ,Element Type: Reusable Element ,Element By: xpath ,Element ID: //div/div/div[3]/div[3]/h4 ,Test Data: Test Run
2020-08-26 22:04:55,100 - com.AnyAUT.ExecuteTest -INFO - KW: verifyText ,Element Type: Reusable Element ,Element By: xpath ,Element ID: //div/div/div[3]/div[3]/div/a/div/div[1] ,Test Data: Test Run
2020-08-26 22:04:55,227 - com.AnyAUT.ExecuteTest -INFO - KW: verifyText ,Element Type: Reusable Element ,Element By: xpath ,Element ID: //div/div/div[3]/div[4]/h4 ,Test Data: Test Results
2020-08-26 22:04:55,381 - com.AnyAUT.ExecuteTest -INFO - KW: verifyText ,Element Type: Reusable Element ,Element By: xpath ,Element ID: //div/div/div[3]/div[4]/div/a/div/div[1]/h4 ,Test Data: Test Results
2020-08-26 22:04:55,563 - com.AnyAUT.ExecuteTest -INFO - KW: scrollByElement ,Element Type: Reusable Element ,Element By: xpath ,Element ID: //div/div/div[2]/div/nav/ul/li/a ,Test Data: -
2020-08-26 22:04:55,730 - com.AnyAUT.ExecuteTest -INFO - KW: clickElement ,Element Type: Reusable Element ,Element By: xpath ,Element ID: //div/div/div[2]/div/nav/ul/li/a ,Test Data: -
2020-08-26 22:04:56,047 - com.AnyAUT.ExecuteTest -INFO - KW: scrollByElement ,Element Type: Reusable Element ,Element By: xpath ,Element ID: //div/div/div[2]/div/nav/ul/li/ul/li[2]/a ,Test Data: 
2020-08-26 22:04:56,313 - com.AnyAUT.ExecuteTest -INFO - KW: clickElement ,Element Type: Reusable Element ,Element By: xpath ,Element ID: //div/div/div[2]/div/nav/ul/li/ul/li[2]/a ,Test Data: -
2020-08-26 22:05:09,705 - com.AnyAUT.ExecuteTest -INFO - KW: waitForSeconds ,Element Type:  ,Element By: - ,Element ID: - ,Test Data: 1
2020-08-26 22:05:10,801 - com.AnyAUT.ExecuteTest -INFO - KW: quitBrowser ,Element Type: - ,Element By: - ,Element ID: - ,Test Data: -
2020-08-26 22:05:13,965 - com.AnyAUT.ExecuteTest -INFO - KW: openBrowser ,Element Type: - ,Element By: - ,Element ID: - ,Test Data: chrome
2020-08-26 22:05:18,189 - com.AnyAUT.ExecuteTest -INFO - KW: navigateBrowser ,Element Type: - ,Element By: - ,Element ID: - ,Test Data: https://anyaut.com/X/
2020-08-26 22:05:22,095 - com.AnyAUT.ExecuteTest -INFO - KW: waitForSeconds ,Element Type:  ,Element By: - ,Element ID: - ,Test Data: 1
2020-08-26 22:05:23,141 - com.AnyAUT.ExecuteTest -INFO - KW: clickElement ,Element Type: Reusable Element ,Element By: xpath ,Element ID: //*[@id="bs-example-navbar-collapse-1"]/ul/li[4]/a ,Test Data: 
2020-08-26 22:05:24,857 - com.AnyAUT.ExecuteTest -INFO - KW: typeText ,Element Type: Reusable Element ,Element By: xpath ,Element ID: //input[@id='username'] ,Test Data: interaft@mailinator.com
2020-08-26 22:05:25,494 - com.AnyAUT.ExecuteTest -INFO - KW: typeText ,Element Type: Reusable Element ,Element By: xpath ,Element ID: //input[@id='password'] ,Test Data: Atomic77
2020-08-26 22:05:26,346 - com.AnyAUT.ExecuteTest -INFO - KW: waitForSeconds ,Element Type:  ,Element By: - ,Element ID: - ,Test Data: 1
2020-08-26 22:05:27,401 - com.AnyAUT.ExecuteTest -INFO - KW: clickElement ,Element Type: Reusable Element ,Element By: xpath ,Element ID: //button[@name='submit'] ,Test Data: -
2020-08-26 22:05:27,810 - com.AnyAUT.ExecuteTest -INFO - KW: verifyText ,Element Type: Reusable Element ,Element By: xpath ,Element ID: //div[@id='sidebar-menu']//h3[.='Main Menu'] ,Test Data: MAIN MENU
2020-08-26 22:05:39,882 - com.AnyAUT.ExecuteTest -ERROR - Error : NoSuchElementException
2020-09-09 21:09:30,474 - com.AnyAUT.PrepareRun -INFO - Input FIle Path: C:\AA\runner\AnyAUT runner\IAS_Consolidated_Testcases_v75_AutoAssigner_v0.2.xls
2020-09-09 21:09:30,479 - com.AnyAUT.PrepareRun -INFO - Output file path  :C:\AA\runner\AnyAUT runner\Results\TestRun_09Sep_0909/TestRun_09Sep_0909.xls
2020-09-09 21:09:32,213 - com.AnyAUT.PrepareRun -INFO - Entered Main Test
2020-09-09 21:09:32,215 - com.AnyAUT.PrepareRun -INFO - Completed fetching the test cases ready for execution
2020-09-09 21:09:32,216 - com.AnyAUT.PrepareRun -INFO - Completed assigning the top row
2020-09-09 21:09:32,218 - com.AnyAUT.PrepareRun -INFO - Completed fetching test data sets for test case
2020-09-09 21:09:32,224 - com.AnyAUT.PrepareRun -INFO - Main test preparation is completed
2020-09-09 21:09:32,226 - com.AnyAUT.PrepareRun -INFO - Test Cases are added to the array
2020-09-09 21:09:32,849 - com.AnyAUT.ExecuteTest -INFO - C:\AA\runner\AnyAUT runner/Results/TestRun_09Sep_0909/TestRun_09Sep_0909.xls
2020-09-09 21:09:32,850 - com.AnyAUT.ExecuteTest -INFO - C:\AA\runner\AnyAUT runner/Results/TestRun_09Sep_0909/RunResult_09Sep_0909.xls
2020-09-09 21:09:32,867 - com.AnyAUT.ExecuteTest -INFO - Rows are 11
2020-09-09 21:09:32,868 - com.AnyAUT.ExecuteTest -INFO - Cols are 16
2020-09-09 21:09:32,875 - com.AnyAUT.ExecuteTest -INFO - KW: openBrowser ,Element Type: - ,Element By: - ,Element ID: - ,Test Data: https://2005.claimatic.net/administration/assignment#administration/admin_tools/team_logic_wizard/index
2020-09-09 21:09:39,556 - com.AnyAUT.ExecuteTest -INFO - KW: navigateBrowser ,Element Type: - ,Element By: - ,Element ID: - ,Test Data: https://2005.claimatic.net/administration/assignment#administration/admin_tools/team_logic_wizard/index
2020-09-09 21:09:43,226 - com.AnyAUT.ExecuteTest -INFO - KW: typeText ,Element Type: Reusable Element ,Element By: xpath ,Element ID: //input[@type='text'] ,Test Data: anyautxl
2020-09-09 21:09:43,440 - com.AnyAUT.ExecuteTest -INFO - KW: typeText ,Element Type: Reusable Element ,Element By: xpath ,Element ID: //input[@type='password'] ,Test Data: fish90
2020-09-09 21:09:43,608 - com.AnyAUT.ExecuteTest -INFO - KW: clickElement ,Element Type: Reusable Element ,Element By: xpath ,Element ID: //button[@type='submit'] ,Test Data: -
2020-09-09 21:09:43,719 - com.AnyAUT.ExecuteTest -INFO - KW: waitForSeconds ,Element Type: - ,Element By: - ,Element ID: - ,Test Data: 5
2020-09-09 21:09:48,744 - com.AnyAUT.ExecuteTest -INFO - KW: scrollByElement ,Element Type: Reusable Element ,Element By: xpath ,Element ID: //span[contains(text(),'Customer001')]//parent::div/following-sibling::span/a[4] ,Test Data: -
2020-09-09 21:09:48,819 - com.AnyAUT.ExecuteTest -INFO - KW: waitForSeconds ,Element Type: - ,Element By: - ,Element ID: - ,Test Data: 2
2020-09-09 21:09:50,853 - com.AnyAUT.ExecuteTest -INFO - KW: clickElement ,Element Type: Reusable Element ,Element By: xpath ,Element ID: //span[contains(text(),'Customer001')]//parent::div/following-sibling::span/a[4] ,Test Data: -
2020-09-09 21:09:50,969 - com.AnyAUT.ExecuteTest -INFO - KW: waitForSeconds ,Element Type: - ,Element By: - ,Element ID: - ,Test Data: 7
2020-09-09 21:11:34,841 - com.AnyAUT.PrepareRun -INFO - Input FIle Path: C:\AA\runner\AnyAUT runner\IAS_Consolidated_Testcases_v75_AutoAssigner_v0.2.xls
2020-09-09 21:11:34,846 - com.AnyAUT.PrepareRun -INFO - Output file path  :C:\AA\runner\AnyAUT runner\Results\TestRun_09Sep_0911/TestRun_09Sep_0911.xls
2020-09-09 21:11:36,417 - com.AnyAUT.PrepareRun -INFO - Entered Main Test
2020-09-09 21:11:36,419 - com.AnyAUT.PrepareRun -INFO - Completed fetching the test cases ready for execution
2020-09-09 21:11:36,419 - com.AnyAUT.PrepareRun -INFO - Completed assigning the top row
2020-09-09 21:11:36,420 - com.AnyAUT.PrepareRun -INFO - Completed fetching test data sets for test case
2020-09-09 21:11:36,426 - com.AnyAUT.PrepareRun -INFO - Main test preparation is completed
2020-09-09 21:11:36,429 - com.AnyAUT.PrepareRun -INFO - Test Cases are added to the array
2020-09-09 21:11:37,097 - com.AnyAUT.ExecuteTest -INFO - C:\AA\runner\AnyAUT runner/Results/TestRun_09Sep_0911/TestRun_09Sep_0911.xls
2020-09-09 21:11:37,097 - com.AnyAUT.ExecuteTest -INFO - C:\AA\runner\AnyAUT runner/Results/TestRun_09Sep_0911/RunResult_09Sep_0911.xls
2020-09-09 21:11:37,111 - com.AnyAUT.ExecuteTest -INFO - Rows are 12
2020-09-09 21:11:37,111 - com.AnyAUT.ExecuteTest -INFO - Cols are 16
2020-09-09 21:11:37,116 - com.AnyAUT.ExecuteTest -INFO - KW: openBrowser ,Element Type: - ,Element By: - ,Element ID: - ,Test Data: https://2005.claimatic.net/administration/assignment#administration/admin_tools/team_logic_wizard/index
2020-09-09 21:11:43,668 - com.AnyAUT.ExecuteTest -INFO - KW: navigateBrowser ,Element Type: - ,Element By: - ,Element ID: - ,Test Data: https://2005.claimatic.net/administration/assignment#administration/admin_tools/team_logic_wizard/index
2020-09-09 21:11:47,317 - com.AnyAUT.ExecuteTest -INFO - KW: typeText ,Element Type: Reusable Element ,Element By: xpath ,Element ID: //input[@type='text'] ,Test Data: anyautxl
2020-09-09 21:11:47,542 - com.AnyAUT.ExecuteTest -INFO - KW: typeText ,Element Type: Reusable Element ,Element By: xpath ,Element ID: //input[@type='password'] ,Test Data: fish90
2020-09-09 21:11:47,720 - com.AnyAUT.ExecuteTest -INFO - KW: clickElement ,Element Type: Reusable Element ,Element By: xpath ,Element ID: //button[@type='submit'] ,Test Data: -
2020-09-09 21:11:47,839 - com.AnyAUT.ExecuteTest -INFO - KW: waitForSeconds ,Element Type: - ,Element By: - ,Element ID: - ,Test Data: 5
2020-09-09 21:11:52,903 - com.AnyAUT.ExecuteTest -INFO - KW: waitForSeconds ,Element Type: - ,Element By: - ,Element ID: - ,Test Data: 2
2020-09-09 21:11:54,964 - com.AnyAUT.ExecuteTest -INFO - KW: scrollByElement ,Element Type: Reusable Element ,Element By: xpath ,Element ID: //span[contains(text(),'Customer001')]//parent::div/following-sibling::span/a[4] ,Test Data: -
2020-09-09 21:11:55,064 - com.AnyAUT.ExecuteTest -INFO - KW: waitForSeconds ,Element Type: - ,Element By: - ,Element ID: - ,Test Data: 2
2020-09-09 21:11:57,123 - com.AnyAUT.ExecuteTest -INFO - KW: clickElement ,Element Type: Reusable Element ,Element By: xpath ,Element ID: //span[contains(text(),'Customer001')]//parent::div/following-sibling::span/a[4] ,Test Data: -
2020-09-09 21:11:57,251 - com.AnyAUT.ExecuteTest -INFO - KW: waitForSeconds ,Element Type: - ,Element By: - ,Element ID: - ,Test Data: 7
2020-09-09 23:29:33,859 - com.AnyAUT.PrepareRun -INFO - Input FIle Path: C:\AA\runner\AnyAUT runner\IAS_Consolidated_Testcases_v75_AutoAssigner_v0.2.xls
2020-09-09 23:29:33,863 - com.AnyAUT.PrepareRun -INFO - Output file path  :C:\AA\runner\AnyAUT runner\Results\TestRun_09Sep_1129/TestRun_09Sep_1129.xls
2020-09-09 23:29:35,649 - com.AnyAUT.PrepareRun -INFO - Entered Main Test
2020-09-09 23:29:35,651 - com.AnyAUT.PrepareRun -INFO - Completed fetching the test cases ready for execution
2020-09-09 23:29:35,652 - com.AnyAUT.PrepareRun -INFO - Completed assigning the top row
2020-09-09 23:29:35,653 - com.AnyAUT.PrepareRun -INFO - Completed fetching test data sets for test case
2020-09-09 23:29:35,659 - com.AnyAUT.PrepareRun -INFO - Main test preparation is completed
2020-09-09 23:29:35,662 - com.AnyAUT.PrepareRun -INFO - Test Cases are added to the array
2020-09-09 23:29:36,383 - com.AnyAUT.ExecuteTest -INFO - C:\AA\runner\AnyAUT runner/Results/TestRun_09Sep_1129/TestRun_09Sep_1129.xls
2020-09-09 23:29:36,384 - com.AnyAUT.ExecuteTest -INFO - C:\AA\runner\AnyAUT runner/Results/TestRun_09Sep_1129/RunResult_09Sep_1129.xls
2020-09-09 23:29:36,396 - com.AnyAUT.ExecuteTest -INFO - Rows are 14
2020-09-09 23:29:36,396 - com.AnyAUT.ExecuteTest -INFO - Cols are 16
2020-09-09 23:29:36,402 - com.AnyAUT.ExecuteTest -INFO - KW: openBrowser ,Element Type: - ,Element By: - ,Element ID: - ,Test Data: https://2005.claimatic.net/administration/assignment#administration/admin_tools/team_logic_wizard/index
2020-09-09 23:29:43,022 - com.AnyAUT.ExecuteTest -INFO - KW: navigateBrowser ,Element Type: - ,Element By: - ,Element ID: - ,Test Data: https://2005.claimatic.net/administration/assignment#administration/admin_tools/team_logic_wizard/index
2020-09-09 23:29:46,960 - com.AnyAUT.ExecuteTest -INFO - KW: typeText ,Element Type: Reusable Element ,Element By: xpath ,Element ID: //input[@type='text'] ,Test Data: anyautxl
2020-09-09 23:29:47,210 - com.AnyAUT.ExecuteTest -INFO - KW: typeText ,Element Type: Reusable Element ,Element By: xpath ,Element ID: //input[@type='password'] ,Test Data: fish90
2020-09-09 23:29:47,428 - com.AnyAUT.ExecuteTest -INFO - KW: clickElement ,Element Type: Reusable Element ,Element By: xpath ,Element ID: //button[@type='submit'] ,Test Data: -
2020-09-09 23:29:47,559 - com.AnyAUT.ExecuteTest -INFO - KW: waitForSeconds ,Element Type: - ,Element By: - ,Element ID: - ,Test Data: 5
2020-09-09 23:29:52,608 - com.AnyAUT.ExecuteTest -INFO - KW: waitForSeconds ,Element Type: - ,Element By: - ,Element ID: - ,Test Data: 2
2020-09-09 23:29:54,666 - com.AnyAUT.ExecuteTest -INFO - KW: scrollByElement ,Element Type: Reusable Element ,Element By: xpath ,Element ID: //span[contains(text(),'AutoRule001')]//parent::div/following-sibling::span/a[4] ,Test Data: -
2020-09-09 23:29:54,763 - com.AnyAUT.ExecuteTest -INFO - KW: waitForSeconds ,Element Type: - ,Element By: - ,Element ID: - ,Test Data: 2
2020-09-09 23:29:56,816 - com.AnyAUT.ExecuteTest -INFO - KW: clickElement ,Element Type: Reusable Element ,Element By: xpath ,Element ID: //span[contains(text(),'AutoRule001')]//parent::div/following-sibling::span/a[4] ,Test Data: -
2020-09-09 23:29:56,922 - com.AnyAUT.ExecuteTest -INFO - KW: waitForSeconds ,Element Type: - ,Element By: - ,Element ID: - ,Test Data: 7
2020-09-09 23:30:03,969 - com.AnyAUT.ExecuteTest -INFO - KW: enterKeyboard ,Element Type: - ,Element By: - ,Element ID:  ,Test Data: 
2020-09-09 23:30:04,015 - com.AnyAUT.ExecuteTest -ERROR - Error : InvalidSelectorException
2020-09-09 23:30:04,390 - com.AnyAUT.ExecuteTest -INFO - KW: waitForSeconds ,Element Type: - ,Element By: - ,Element ID: - ,Test Data: 5
2020-09-11 11:12:05,319 - com.AnyAUT.PrepareRun -INFO - Input FIle Path: C:\AA\runner\AnyAUT runner\Demo.xls
2020-09-11 11:12:05,324 - com.AnyAUT.PrepareRun -INFO - Output file path  :C:\AA\runner\AnyAUT runner\Results\TestRun_11Sep_1111/TestRun_11Sep_1111.xls
2020-09-11 11:12:05,894 - com.AnyAUT.PrepareRun -INFO - Entered Main Test
2020-09-11 11:12:05,896 - com.AnyAUT.PrepareRun -INFO - Completed fetching the test cases ready for execution
2020-09-11 11:12:05,896 - com.AnyAUT.PrepareRun -INFO - Completed assigning the top row
2020-09-11 11:12:05,897 - com.AnyAUT.PrepareRun -INFO - Completed fetching test data sets for test case
2020-09-11 11:12:05,902 - com.AnyAUT.PrepareRun -INFO - Main test preparation is completed
2020-09-11 11:12:05,906 - com.AnyAUT.PrepareRun -INFO - Test Cases are added to the array
2020-09-11 11:12:06,822 - com.AnyAUT.ExecuteTest -INFO - C:\AA\runner\AnyAUT runner/Results/TestRun_11Sep_1111/TestRun_11Sep_1111.xls
2020-09-11 11:12:06,823 - com.AnyAUT.ExecuteTest -INFO - C:\AA\runner\AnyAUT runner/Results/TestRun_11Sep_1111/RunResult_11Sep_1111.xls
2020-09-11 11:12:06,874 - com.AnyAUT.ExecuteTest -INFO - Rows are 16
2020-09-11 11:12:06,874 - com.AnyAUT.ExecuteTest -INFO - Cols are 256
2020-09-11 11:12:06,883 - com.AnyAUT.ExecuteTest -INFO - KW: openBrowser ,Element Type: - ,Element By: - ,Element ID: - ,Test Data: chrome
2020-09-11 11:12:13,687 - com.AnyAUT.ExecuteTest -INFO - KW: navigateBrowser ,Element Type: - ,Element By: - ,Element ID: - ,Test Data: https://anyaut.com/X/
2020-09-11 11:12:14,087 - com.AnyAUT.ExecuteTest -ERROR - Error : WebDriverException
2020-09-11 11:13:29,174 - com.AnyAUT.PrepareRun -INFO - Input FIle Path: C:\AA\runner\AnyAUT runner\Demo.xls
2020-09-11 11:13:29,179 - com.AnyAUT.PrepareRun -INFO - Output file path  :C:\AA\runner\AnyAUT runner\Results\TestRun_11Sep_1113/TestRun_11Sep_1113.xls
2020-09-11 11:13:29,660 - com.AnyAUT.PrepareRun -INFO - Entered Main Test
2020-09-11 11:13:29,661 - com.AnyAUT.PrepareRun -INFO - Completed fetching the test cases ready for execution
2020-09-11 11:13:29,662 - com.AnyAUT.PrepareRun -INFO - Completed assigning the top row
2020-09-11 11:13:29,663 - com.AnyAUT.PrepareRun -INFO - Completed fetching test data sets for test case
2020-09-11 11:13:29,713 - com.AnyAUT.PrepareRun -INFO - Main test preparation is completed
2020-09-11 11:13:29,716 - com.AnyAUT.PrepareRun -INFO - Test Cases are added to the array
2020-09-11 11:13:30,398 - com.AnyAUT.ExecuteTest -INFO - C:\AA\runner\AnyAUT runner/Results/TestRun_11Sep_1113/TestRun_11Sep_1113.xls
2020-09-11 11:13:30,399 - com.AnyAUT.ExecuteTest -INFO - C:\AA\runner\AnyAUT runner/Results/TestRun_11Sep_1113/RunResult_11Sep_1113.xls
2020-09-11 11:13:30,441 - com.AnyAUT.ExecuteTest -INFO - Rows are 16
2020-09-11 11:13:30,441 - com.AnyAUT.ExecuteTest -INFO - Cols are 256
2020-09-11 11:13:30,450 - com.AnyAUT.ExecuteTest -INFO - KW: openBrowser ,Element Type: - ,Element By: - ,Element ID: - ,Test Data: chrome
2020-09-11 11:13:37,071 - com.AnyAUT.ExecuteTest -INFO - KW: navigateBrowser ,Element Type: - ,Element By: - ,Element ID: - ,Test Data: https://anyaut.com/X/
2020-09-11 11:13:38,258 - com.AnyAUT.ExecuteTest -INFO - KW: waitForSeconds ,Element Type:  ,Element By: - ,Element ID: - ,Test Data: 1
2020-09-11 11:13:39,281 - com.AnyAUT.ExecuteTest -INFO - KW: clickElement ,Element Type: Reusable Element ,Element By: xpath ,Element ID: //*[@id="bs-example-navbar-collapse-1"]/ul/li[4]/a ,Test Data: 
2020-09-11 11:13:39,766 - com.AnyAUT.ExecuteTest -INFO - KW: typeText ,Element Type: Reusable Element ,Element By: xpath ,Element ID: //input[@id='username'] ,Test Data: interaft@mailinator.com
2020-09-11 11:13:40,042 - com.AnyAUT.ExecuteTest -INFO - KW: typeText ,Element Type: Reusable Element ,Element By: xpath ,Element ID: //input[@id='password'] ,Test Data: Atomic77
2020-09-11 11:13:40,300 - com.AnyAUT.ExecuteTest -INFO - KW: waitForSeconds ,Element Type:  ,Element By: - ,Element ID: - ,Test Data: 1
2020-09-11 11:13:41,352 - com.AnyAUT.ExecuteTest -INFO - KW: clickElement ,Element Type: Reusable Element ,Element By: xpath ,Element ID: //button[@name='submit'] ,Test Data: -
2020-09-11 11:13:49,557 - com.AnyAUT.ExecuteTest -INFO - KW: verifyText ,Element Type: Reusable Element ,Element By: xpath ,Element ID: //div[@id='sidebar-menu']//h3[.='Main Menu'] ,Test Data: MAIN MENU
2020-09-11 11:13:49,578 - com.AnyAUT.ExecuteTest -ERROR - Error : NoSuchWindowException
2020-09-11 22:18:40,740 - com.AnyAUT.PrepareRun -INFO - Input FIle Path: C:\AA\runner\AnyAUT runner\Demo.xls
2020-09-11 22:18:40,748 - com.AnyAUT.PrepareRun -INFO - Output file path  :C:\AA\runner\AnyAUT runner\Results\TestRun_11Sep_1018/TestRun_11Sep_1018.xls
2020-09-11 22:18:41,356 - com.AnyAUT.PrepareRun -INFO - Entered Main Test
2020-09-11 22:18:41,358 - com.AnyAUT.PrepareRun -INFO - Completed fetching the test cases ready for execution
2020-09-11 22:18:41,359 - com.AnyAUT.PrepareRun -INFO - Completed assigning the top row
2020-09-11 22:18:41,360 - com.AnyAUT.PrepareRun -INFO - Completed fetching test data sets for test case
2020-09-11 22:18:41,367 - com.AnyAUT.PrepareRun -INFO - Main test preparation is completed
2020-09-11 22:18:41,371 - com.AnyAUT.PrepareRun -INFO - Test Cases are added to the array
2020-09-11 22:18:42,545 - com.AnyAUT.ExecuteTest -INFO - C:\AA\runner\AnyAUT runner/Results/TestRun_11Sep_1018/TestRun_11Sep_1018.xls
2020-09-11 22:18:42,545 - com.AnyAUT.ExecuteTest -INFO - C:\AA\runner\AnyAUT runner/Results/TestRun_11Sep_1018/RunResult_11Sep_1018.xls
2020-09-11 22:18:42,609 - com.AnyAUT.ExecuteTest -INFO - Rows are 16
2020-09-11 22:18:42,610 - com.AnyAUT.ExecuteTest -INFO - Cols are 256
2020-09-11 22:18:42,617 - com.AnyAUT.ExecuteTest -INFO - KW: openBrowser ,Element Type: - ,Element By: - ,Element ID: - ,Test Data: chrome
2020-09-11 22:18:49,595 - com.AnyAUT.ExecuteTest -INFO - KW: navigateBrowser ,Element Type: - ,Element By: - ,Element ID: - ,Test Data: https://anyaut.com/X/
2020-09-11 22:18:50,805 - com.AnyAUT.ExecuteTest -INFO - KW: waitForSeconds ,Element Type:  ,Element By: - ,Element ID: - ,Test Data: 1
2020-09-11 22:18:51,834 - com.AnyAUT.ExecuteTest -INFO - KW: clickElement ,Element Type: Reusable Element ,Element By: xpath ,Element ID: //*[@id="bs-example-navbar-collapse-1"]/ul/li[4]/a ,Test Data: 
2020-09-11 22:18:52,444 - com.AnyAUT.ExecuteTest -INFO - KW: typeText ,Element Type: Reusable Element ,Element By: xpath ,Element ID: //input[@id='username'] ,Test Data: interaft@mailinator.com
2020-09-11 22:18:52,891 - com.AnyAUT.ExecuteTest -INFO - KW: typeText ,Element Type: Reusable Element ,Element By: xpath ,Element ID: //input[@id='password'] ,Test Data: Atomic77
2020-09-11 22:18:53,193 - com.AnyAUT.ExecuteTest -INFO - KW: waitForSeconds ,Element Type:  ,Element By: - ,Element ID: - ,Test Data: 1
2020-09-11 22:18:54,226 - com.AnyAUT.ExecuteTest -INFO - KW: clickElement ,Element Type: Reusable Element ,Element By: xpath ,Element ID: //button[@name='submit'] ,Test Data: -
2020-09-11 22:19:08,950 - com.AnyAUT.ExecuteTest -INFO - KW: verifyText ,Element Type: Reusable Element ,Element By: xpath ,Element ID: //div[@id='sidebar-menu']//h3[.='Main Menu'] ,Test Data: MAIN MENU
2020-09-11 22:19:09,054 - com.AnyAUT.ExecuteTest -INFO - KW: waitForSeconds ,Element Type: - ,Element By: - ,Element ID: - ,Test Data: 1
2020-09-11 22:19:10,086 - com.AnyAUT.ExecuteTest -INFO - KW: clickElement ,Element Type: Reusable Element ,Element By: xpath ,Element ID: //div/div/div[2]/div/nav/ul/li/a ,Test Data: -
2020-09-11 22:19:10,227 - com.AnyAUT.ExecuteTest -INFO - KW: scrollByElement ,Element Type: Reusable Element ,Element By: xpath ,Element ID: //div/div/div[2]/div/nav/ul/li/ul/li[2]/a ,Test Data: 
2020-09-11 22:19:10,334 - com.AnyAUT.ExecuteTest -INFO - KW: clickElement ,Element Type: Reusable Element ,Element By: xpath ,Element ID: //div/div/div[2]/div/nav/ul/li/ul/li[2]/a ,Test Data: -
2020-09-11 22:19:22,926 - com.AnyAUT.ExecuteTest -INFO - KW: waitForSeconds ,Element Type:  ,Element By: - ,Element ID: - ,Test Data: 1
2020-09-11 22:19:23,960 - com.AnyAUT.ExecuteTest -INFO - KW: quitBrowser ,Element Type: - ,Element By: - ,Element ID: - ,Test Data: -
2020-09-12 23:23:57,761 - com.AnyAUT.PrepareRun -INFO - Input FIle Path: Demo.xls
2020-09-12 23:23:57,766 - com.AnyAUT.PrepareRun -INFO - Output file path  :C:\AA\runner\AnyAUT runner\Results\TestRun_12Sep_1123_Demo/TestRun_12Sep_1123_Demo.xls
2020-09-12 23:23:58,265 - com.AnyAUT.PrepareRun -INFO - Entered Main Test
2020-09-12 23:23:58,266 - com.AnyAUT.PrepareRun -INFO - Completed fetching the test cases ready for execution
2020-09-12 23:23:58,267 - com.AnyAUT.PrepareRun -INFO - Completed assigning the top row
2020-09-12 23:23:58,268 - com.AnyAUT.PrepareRun -INFO - Completed fetching test data sets for test case
2020-09-12 23:23:58,289 - com.AnyAUT.PrepareRun -INFO - Main test preparation is completed
2020-09-12 23:23:58,292 - com.AnyAUT.PrepareRun -INFO - Test Cases are added to the array
2020-09-12 23:23:59,104 - com.AnyAUT.ExecuteTest -INFO - C:\AA\runner\AnyAUT runner/Results/TestRun_12Sep_1123_Demo/TestRun_12Sep_1123_Demo.xls
2020-09-12 23:23:59,104 - com.AnyAUT.ExecuteTest -INFO - C:\AA\runner\AnyAUT runner/Results/TestRun_12Sep_1123_Demo/RunResult_12Sep_1123_Demo.xls
2020-09-12 23:23:59,157 - com.AnyAUT.ExecuteTest -INFO - Rows are 16
2020-09-12 23:23:59,158 - com.AnyAUT.ExecuteTest -INFO - Cols are 256
2020-09-12 23:23:59,167 - com.AnyAUT.ExecuteTest -INFO - KW: openBrowser ,Element Type: - ,Element By: - ,Element ID: - ,Test Data: chrome
2020-09-12 23:24:05,828 - com.AnyAUT.ExecuteTest -INFO - KW: navigateBrowser ,Element Type: - ,Element By: - ,Element ID: - ,Test Data: https://anyaut.com/X/
2020-09-12 23:24:07,265 - com.AnyAUT.ExecuteTest -INFO - KW: waitForSeconds ,Element Type:  ,Element By: - ,Element ID: - ,Test Data: 1
2020-09-12 23:24:08,323 - com.AnyAUT.ExecuteTest -INFO - KW: clickElement ,Element Type: Reusable Element ,Element By: xpath ,Element ID: //*[@id="bs-example-navbar-collapse-1"]/ul/li[4]/a ,Test Data: 
2020-11-25 11:52:23,678 - com.AnyAUT.PrepareRun -INFO - Input FIle Path: C:\AA\runner\AnyAUT runner\Demo.xls
2020-11-25 11:52:23,683 - com.AnyAUT.PrepareRun -INFO - Output file path  :C:\AA\runner\AnyAUT runner\Results\TestRun_25Nov_1152/TestRun_25Nov_1152.xls
2020-11-25 11:52:24,154 - com.AnyAUT.PrepareRun -INFO - Entered Main Test
2020-11-25 11:52:24,155 - com.AnyAUT.PrepareRun -INFO - Completed fetching the test cases ready for execution
2020-11-25 11:52:24,155 - com.AnyAUT.PrepareRun -INFO - Completed assigning the top row
2020-11-25 11:52:24,156 - com.AnyAUT.PrepareRun -INFO - Completed fetching test data sets for test case
2020-11-25 11:52:24,158 - com.AnyAUT.PrepareRun -INFO - Main test preparation is completed
2020-11-25 11:52:24,160 - com.AnyAUT.PrepareRun -INFO - Test Cases are added to the array
2020-11-25 11:52:24,864 - com.AnyAUT.ExecuteTest -INFO - C:\AA\runner\AnyAUT runner/Results/TestRun_25Nov_1152/TestRun_25Nov_1152.xls
2020-11-25 11:52:24,865 - com.AnyAUT.ExecuteTest -INFO - C:\AA\runner\AnyAUT runner/Results/TestRun_25Nov_1152/RunResult_25Nov_1152.xls
2020-11-25 11:52:24,920 - com.AnyAUT.ExecuteTest -INFO - Rows are 16
2020-11-25 11:52:24,920 - com.AnyAUT.ExecuteTest -INFO - Cols are 256
2020-11-25 11:52:24,928 - com.AnyAUT.ExecuteTest -INFO - KW: openBrowser ,Element Type: - ,Element By: - ,Element ID: - ,Test Data: chrome
2020-11-25 11:52:31,496 - com.AnyAUT.ExecuteTest -INFO - KW: navigateBrowser ,Element Type: - ,Element By: - ,Element ID: - ,Test Data: https://anyaut.com/X/
2020-11-25 11:52:43,512 - com.AnyAUT.ExecuteTest -INFO - KW: waitForSeconds ,Element Type:  ,Element By: - ,Element ID: - ,Test Data: 1
2020-11-25 11:52:44,582 - com.AnyAUT.ExecuteTest -INFO - KW: clickElement ,Element Type: Reusable Element ,Element By: xpath ,Element ID: //*[@id="bs-example-navbar-collapse-1"]/ul/li[4]/a ,Test Data: 
2020-11-25 11:52:47,202 - com.AnyAUT.ExecuteTest -INFO - KW: typeText ,Element Type: Reusable Element ,Element By: xpath ,Element ID: //input[@id='username'] ,Test Data: interaft@mailinator.com
2020-11-25 11:52:47,621 - com.AnyAUT.ExecuteTest -INFO - KW: typeText ,Element Type: Reusable Element ,Element By: xpath ,Element ID: //input[@id='password'] ,Test Data: Atomic77
2020-11-25 11:52:47,830 - com.AnyAUT.ExecuteTest -INFO - KW: waitForSeconds ,Element Type:  ,Element By: - ,Element ID: - ,Test Data: 1
2020-11-25 11:52:48,887 - com.AnyAUT.ExecuteTest -INFO - KW: clickElement ,Element Type: Reusable Element ,Element By: xpath ,Element ID: //button[@name='submit'] ,Test Data: -
2020-11-25 11:53:40,413 - com.AnyAUT.ExecuteTest -INFO - KW: verifyText ,Element Type: Reusable Element ,Element By: xpath ,Element ID: //div[@id='sidebar-menu']//h3[.='Main Menu'] ,Test Data: MAIN MENU
2020-11-25 11:53:40,547 - com.AnyAUT.ExecuteTest -INFO - KW: waitForSeconds ,Element Type: - ,Element By: - ,Element ID: - ,Test Data: 1
2020-11-25 11:53:41,634 - com.AnyAUT.ExecuteTest -INFO - KW: clickElement ,Element Type: Reusable Element ,Element By: xpath ,Element ID: //div/div/div[2]/div/nav/ul/li/a ,Test Data: -
2020-11-25 11:53:41,930 - com.AnyAUT.ExecuteTest -INFO - KW: scrollByElement ,Element Type: Reusable Element ,Element By: xpath ,Element ID: //div/div/div[2]/div/nav/ul/li/ul/li[2]/a ,Test Data: 
2020-11-25 11:53:42,077 - com.AnyAUT.ExecuteTest -INFO - KW: clickElement ,Element Type: Reusable Element ,Element By: xpath ,Element ID: //div/div/div[2]/div/nav/ul/li/ul/li[2]/a ,Test Data: -
2020-11-25 11:53:59,753 - com.AnyAUT.ExecuteTest -INFO - KW: waitForSeconds ,Element Type:  ,Element By: - ,Element ID: - ,Test Data: 1
2020-11-25 11:54:00,839 - com.AnyAUT.ExecuteTest -INFO - KW: quitBrowser ,Element Type: - ,Element By: - ,Element ID: - ,Test Data: -
2020-12-24 09:36:08,013 - com.AnyAUT.PrepareRun -INFO - Input FIle Path: C:\AA\runner\AnyAUT runner\Demo.xls
2020-12-24 09:36:08,018 - com.AnyAUT.PrepareRun -INFO - Output file path  :C:\AA\runner\AnyAUT runner\Results\TestRun_24Dec_0935/TestRun_24Dec_0935.xls
2020-12-24 09:36:08,522 - com.AnyAUT.PrepareRun -INFO - Entered Main Test
2020-12-24 09:36:08,523 - com.AnyAUT.PrepareRun -INFO - Completed fetching the test cases ready for execution
2020-12-24 09:36:08,524 - com.AnyAUT.PrepareRun -INFO - Completed assigning the top row
2020-12-24 09:36:08,524 - com.AnyAUT.PrepareRun -INFO - Main test preparation is completed
2020-12-24 09:36:08,526 - com.AnyAUT.PrepareRun -INFO - Test Cases are added to the array
2020-12-24 09:36:09,155 - com.AnyAUT.ExecuteTest -INFO - C:\AA\runner\AnyAUT runner/Results/TestRun_24Dec_0935/TestRun_24Dec_0935.xls
2020-12-24 09:36:09,155 - com.AnyAUT.ExecuteTest -INFO - C:\AA\runner\AnyAUT runner/Results/TestRun_24Dec_0935/RunResult_24Dec_0935.xls
2020-12-24 09:36:09,192 - com.AnyAUT.ExecuteTest -INFO - Rows are 1
2020-12-24 09:36:09,192 - com.AnyAUT.ExecuteTest -INFO - Cols are 256
2020-12-24 09:37:17,063 - com.AnyAUT.PrepareRun -INFO - Input FIle Path: C:\AA\runner\AnyAUT runner\Demo.xls
2020-12-24 09:37:17,067 - com.AnyAUT.PrepareRun -INFO - Output file path  :C:\AA\runner\AnyAUT runner\Results\TestRun_24Dec_0937/TestRun_24Dec_0937.xls
2020-12-24 09:37:17,615 - com.AnyAUT.PrepareRun -INFO - Entered Main Test
2020-12-24 09:37:17,616 - com.AnyAUT.PrepareRun -INFO - Completed fetching the test cases ready for execution
2020-12-24 09:37:17,617 - com.AnyAUT.PrepareRun -INFO - Completed assigning the top row
2020-12-24 09:37:17,617 - com.AnyAUT.PrepareRun -INFO - Completed fetching test data sets for test case
2020-12-24 09:37:17,621 - com.AnyAUT.PrepareRun -INFO - Main test preparation is completed
2020-12-24 09:37:17,623 - com.AnyAUT.PrepareRun -INFO - Test Cases are added to the array
2020-12-24 09:37:18,264 - com.AnyAUT.ExecuteTest -INFO - C:\AA\runner\AnyAUT runner/Results/TestRun_24Dec_0937/TestRun_24Dec_0937.xls
2020-12-24 09:37:18,264 - com.AnyAUT.ExecuteTest -INFO - C:\AA\runner\AnyAUT runner/Results/TestRun_24Dec_0937/RunResult_24Dec_0937.xls
2020-12-24 09:37:18,304 - com.AnyAUT.ExecuteTest -INFO - Rows are 16
2020-12-24 09:37:18,304 - com.AnyAUT.ExecuteTest -INFO - Cols are 256
2020-12-24 09:37:18,311 - com.AnyAUT.ExecuteTest -INFO - KW: openBrowser ,Element Type: - ,Element By: - ,Element ID: - ,Test Data: chrome
2020-12-24 09:37:25,062 - com.AnyAUT.ExecuteTest -INFO - KW: navigateBrowser ,Element Type: - ,Element By: - ,Element ID: - ,Test Data: https://anyaut.com/X/
2020-12-24 09:37:28,225 - com.AnyAUT.ExecuteTest -INFO - KW: waitForSeconds ,Element Type:  ,Element By: - ,Element ID: - ,Test Data: 1
2020-12-24 09:37:29,287 - com.AnyAUT.ExecuteTest -INFO - KW: clickElement ,Element Type: Reusable Element ,Element By: xpath ,Element ID: //*[@id="bs-example-navbar-collapse-1"]/ul/li[4]/a ,Test Data: 
2020-12-24 09:37:30,891 - com.AnyAUT.ExecuteTest -INFO - KW: typeText ,Element Type: Reusable Element ,Element By: xpath ,Element ID: //input[@id='username'] ,Test Data: interaft@mailinator.com
2020-12-24 09:37:31,167 - com.AnyAUT.ExecuteTest -INFO - KW: typeText ,Element Type: Reusable Element ,Element By: xpath ,Element ID: //input[@id='password'] ,Test Data: Atomic77
2020-12-24 09:37:31,406 - com.AnyAUT.ExecuteTest -INFO - KW: waitForSeconds ,Element Type:  ,Element By: - ,Element ID: - ,Test Data: 1
2020-12-24 09:37:32,426 - com.AnyAUT.ExecuteTest -INFO - KW: clickElement ,Element Type: Reusable Element ,Element By: xpath ,Element ID: //button[@name='submit'] ,Test Data: -
2020-12-24 09:37:48,497 - com.AnyAUT.ExecuteTest -INFO - KW: verifyText ,Element Type: Reusable Element ,Element By: xpath ,Element ID: //div[@id='sidebar-menu']//h3[.='Main Menu'] ,Test Data: MAIN MENU
2020-12-24 09:37:48,656 - com.AnyAUT.ExecuteTest -INFO - KW: waitForSeconds ,Element Type: - ,Element By: - ,Element ID: - ,Test Data: 1
2020-12-24 09:37:49,738 - com.AnyAUT.ExecuteTest -INFO - KW: clickElement ,Element Type: Reusable Element ,Element By: xpath ,Element ID: //div/div/div[2]/div/nav/ul/li/a ,Test Data: -
2020-12-24 09:37:50,067 - com.AnyAUT.ExecuteTest -INFO - KW: scrollByElement ,Element Type: Reusable Element ,Element By: xpath ,Element ID: //div/div/div[2]/div/nav/ul/li/ul/li[2]/a ,Test Data: 
2020-12-24 09:37:50,235 - com.AnyAUT.ExecuteTest -INFO - KW: clickElement ,Element Type: Reusable Element ,Element By: xpath ,Element ID: //div/div/div[2]/div/nav/ul/li/ul/li[2]/a ,Test Data: -
2020-12-24 09:38:04,031 - com.AnyAUT.ExecuteTest -INFO - KW: waitForSeconds ,Element Type:  ,Element By: - ,Element ID: - ,Test Data: 1
2020-12-24 09:38:05,102 - com.AnyAUT.ExecuteTest -INFO - KW: quitBrowser ,Element Type: - ,Element By: - ,Element ID: - ,Test Data: -
